<?xml version="1.0" encoding="UTF-8"?>
<testsuite name="hw_1.ShoppingCartTests" tests="129" skipped="0" failures="0" errors="0" timestamp="2025-02-01T03:18:27" hostname="CJS-LAPTOP" time="0.204">
  <properties/>
  <testcase name="itemsCustomerID_part1TooLong()" classname="hw_1.ShoppingCartTests" time="0.025"/>
  <testcase name="totalCostInvalidEndCustomerID()" classname="hw_1.ShoppingCartTests" time="0.001"/>
  <testcase name="itemsAreImmutable()" classname="hw_1.ShoppingCartTests" time="0.001"/>
  <testcase name="addItemCustomerID_invalidEndLetter()" classname="hw_1.ShoppingCartTests" time="0.001"/>
  <testcase name="cartSizeCustomerID_part2InvalidCharacter()" classname="hw_1.ShoppingCartTests" time="0.001"/>
  <testcase name="totalCostCustomerID_underscore()" classname="hw_1.ShoppingCartTests" time="0.001"/>
  <testcase name="cartSizeCustomerID_part2TooLong()" classname="hw_1.ShoppingCartTests" time="0.001"/>
  <testcase name="removeItemCustomerID_part1InvalidCharacter()" classname="hw_1.ShoppingCartTests" time="0.001"/>
  <testcase name="removeItemInvalidEndCustomerID()" classname="hw_1.ShoppingCartTests" time="0.001"/>
  <testcase name="createCartNullCustomerID()" classname="hw_1.ShoppingCartTests" time="0.001"/>
  <testcase name="removeItemCustomerID_part2TooLong()" classname="hw_1.ShoppingCartTests" time="0.001"/>
  <testcase name="addItemDuplicateItem()" classname="hw_1.ShoppingCartTests" time="0.001"/>
  <testcase name="createCartCustomerID_part3InvalidCharacter()" classname="hw_1.ShoppingCartTests" time="0.001"/>
  <testcase name="totalCostNullCustomerID()" classname="hw_1.ShoppingCartTests" time="0.001"/>
  <testcase name="itemsNullCustomerID()" classname="hw_1.ShoppingCartTests" time="0.002"/>
  <testcase name="addItemCustomerID_part1TooLong()" classname="hw_1.ShoppingCartTests" time="0.001"/>
  <testcase name="addItemEmptyCustomerID()" classname="hw_1.ShoppingCartTests" time="0.001"/>
  <testcase name="totalCostCustomerID_part2TooLong()" classname="hw_1.ShoppingCartTests" time="0.001"/>
  <testcase name="createCartCustomerID_part3TooLong()" classname="hw_1.ShoppingCartTests" time="0.001"/>
  <testcase name="cartSizeEmptyCustomerID()" classname="hw_1.ShoppingCartTests" time="0.0"/>
  <testcase name="removeItemCustomerID_invalidEndLetter()" classname="hw_1.ShoppingCartTests" time="0.001"/>
  <testcase name="itemsCustomerID_underscore()" classname="hw_1.ShoppingCartTests" time="0.001"/>
  <testcase name="removeItemCustomerID_part2TooShort()" classname="hw_1.ShoppingCartTests" time="0.001"/>
  <testcase name="itemsCustomerID_part2InvalidCharacter()" classname="hw_1.ShoppingCartTests" time="0.001"/>
  <testcase name="testRemoveSomeOfItem()" classname="hw_1.ShoppingCartTests" time="0.001"/>
  <testcase name="catalogIsImmutable()" classname="hw_1.ShoppingCartTests" time="0.002"/>
  <testcase name="removeItemEmptyCustomerID()" classname="hw_1.ShoppingCartTests" time="0.001"/>
  <testcase name="addItemInvalidEndCustomerID()" classname="hw_1.ShoppingCartTests" time="0.001"/>
  <testcase name="cannotIncrementOver100()" classname="hw_1.ShoppingCartTests" time="0.0"/>
  <testcase name="cartSizeCustomerID_part2TooShort()" classname="hw_1.ShoppingCartTests" time="0.001"/>
  <testcase name="customersHaveSeparateCarts()" classname="hw_1.ShoppingCartTests" time="0.001"/>
  <testcase name="totalCostCustomerID_part1InvalidCharacter()" classname="hw_1.ShoppingCartTests" time="0.001"/>
  <testcase name="removeItemCustomerID_underscore()" classname="hw_1.ShoppingCartTests" time="0.0"/>
  <testcase name="itemNameTooLong()" classname="hw_1.ShoppingCartTests" time="0.001"/>
  <testcase name="createCartInvalidEndCustomerID()" classname="hw_1.ShoppingCartTests" time="0.001"/>
  <testcase name="totalCostCustomerID_part1TooShort()" classname="hw_1.ShoppingCartTests" time="0.001"/>
  <testcase name="itemsCustomerID_part1TooShort()" classname="hw_1.ShoppingCartTests" time="0.001"/>
  <testcase name="addItemMultipleItems()" classname="hw_1.ShoppingCartTests" time="0.001"/>
  <testcase name="totalCostDuplicateItem()" classname="hw_1.ShoppingCartTests" time="0.001"/>
  <testcase name="createCartCustomerID_missingDash()" classname="hw_1.ShoppingCartTests" time="0.001"/>
  <testcase name="oneCartPerCustomer()" classname="hw_1.ShoppingCartTests" time="0.001"/>
  <testcase name="itemsNoCustomerIDFound()" classname="hw_1.ShoppingCartTests" time="0.001"/>
  <testcase name="addItemCustomerID_part1InvalidCharacter()" classname="hw_1.ShoppingCartTests" time="0.001"/>
  <testcase name="cartSizeCustomerID_underscore()" classname="hw_1.ShoppingCartTests" time="0.001"/>
  <testcase name="createCartEmptyCustomerID()" classname="hw_1.ShoppingCartTests" time="0.001"/>
  <testcase name="itemNameEmpty()" classname="hw_1.ShoppingCartTests" time="0.001"/>
  <testcase name="createCartCustomerID_allowsQ()" classname="hw_1.ShoppingCartTests" time="0.0"/>
  <testcase name="createCartCustomerID_part1TooLong()" classname="hw_1.ShoppingCartTests" time="0.001"/>
  <testcase name="itemsCustomerID_missingDash()" classname="hw_1.ShoppingCartTests" time="0.001"/>
  <testcase name="cannotRemoveNegativeItems()" classname="hw_1.ShoppingCartTests" time="0.001"/>
  <testcase name="cartSizeCustomerID_part3InvalidCharacter()" classname="hw_1.ShoppingCartTests" time="0.001"/>
  <testcase name="cannotRemoveZeroItems()" classname="hw_1.ShoppingCartTests" time="0.001"/>
  <testcase name="removeItemCustomerID_missingDash()" classname="hw_1.ShoppingCartTests" time="0.001"/>
  <testcase name="totalCostUpperBound()" classname="hw_1.ShoppingCartTests" time="0.003"/>
  <testcase name="cartSizeNullCustomerID()" classname="hw_1.ShoppingCartTests" time="0.001"/>
  <testcase name="addItemCustomerID_part1TooShort()" classname="hw_1.ShoppingCartTests" time="0.001"/>
  <testcase name="createCartCustomerID_part2TooShort()" classname="hw_1.ShoppingCartTests" time="0.001"/>
  <testcase name="removeItemCustomerID_part2InvalidCharacter()" classname="hw_1.ShoppingCartTests" time="0.001"/>
  <testcase name="totalCostMultipleItems()" classname="hw_1.ShoppingCartTests" time="0.001"/>
  <testcase name="cartSizeNoCustomerIDFound()" classname="hw_1.ShoppingCartTests" time="0.001"/>
  <testcase name="totalCostCustomerID_part3TooShort()" classname="hw_1.ShoppingCartTests" time="0.001"/>
  <testcase name="itemsCustomerID_part3TooShort()" classname="hw_1.ShoppingCartTests" time="0.001"/>
  <testcase name="itemsCustomerID_part2TooLong()" classname="hw_1.ShoppingCartTests" time="0.001"/>
  <testcase name="totalCostMultipleDuplicateItems()" classname="hw_1.ShoppingCartTests" time="0.0"/>
  <testcase name="itemsCustomerID_allowsQ()" classname="hw_1.ShoppingCartTests" time="0.002"/>
  <testcase name="cartSizeCustomerID_part3TooLong()" classname="hw_1.ShoppingCartTests" time="0.001"/>
  <testcase name="removeItemNullCustomerID()" classname="hw_1.ShoppingCartTests" time="0.001"/>
  <testcase name="itemsCustomerID_part3InvalidCharacter()" classname="hw_1.ShoppingCartTests" time="0.001"/>
  <testcase name="createCartCustomerID_part1InvalidCharacter()" classname="hw_1.ShoppingCartTests" time="0.001"/>
  <testcase name="removeItemCustomerID_part3TooLong()" classname="hw_1.ShoppingCartTests" time="0.001"/>
  <testcase name="totalCostEmptyCustomerID()" classname="hw_1.ShoppingCartTests" time="0.0"/>
  <testcase name="createCartCustomerID_invalidEndLetter()" classname="hw_1.ShoppingCartTests" time="0.0"/>
  <testcase name="validCustomerId()" classname="hw_1.ShoppingCartTests" time="0.0"/>
  <testcase name="cartSizeCustomerID_missingDash()" classname="hw_1.ShoppingCartTests" time="0.0"/>
  <testcase name="totalCostNoCustomerIDFound()" classname="hw_1.ShoppingCartTests" time="0.001"/>
  <testcase name="itemNameOtherLanguages()" classname="hw_1.ShoppingCartTests" time="0.001"/>
  <testcase name="addItemNoCustomerIDFound()" classname="hw_1.ShoppingCartTests" time="0.001"/>
  <testcase name="addItemCustomerID_part3TooShort()" classname="hw_1.ShoppingCartTests" time="0.001"/>
  <testcase name="totalCostCustomerID_part2InvalidCharacter()" classname="hw_1.ShoppingCartTests" time="0.001"/>
  <testcase name="addItemCustomerID_part2TooLong()" classname="hw_1.ShoppingCartTests" time="0.001"/>
  <testcase name="totalCostCustomerID_part3TooLong()" classname="hw_1.ShoppingCartTests" time="0.001"/>
  <testcase name="totalCostEmptyCart()" classname="hw_1.ShoppingCartTests" time="0.0"/>
  <testcase name="cannotAddZeroItems()" classname="hw_1.ShoppingCartTests" time="0.0"/>
  <testcase name="testRemoveItem()" classname="hw_1.ShoppingCartTests" time="0.0"/>
  <testcase name="removeItemCustomerID_part1TooShort()" classname="hw_1.ShoppingCartTests" time="0.0"/>
  <testcase name="removeItemNoCustomerIDFound()" classname="hw_1.ShoppingCartTests" time="0.001"/>
  <testcase name="addItemCustomerID_part2InvalidCharacter()" classname="hw_1.ShoppingCartTests" time="0.001"/>
  <testcase name="cannotAddNegativeItems()" classname="hw_1.ShoppingCartTests" time="0.001"/>
  <testcase name="itemsEmptyCustomerID()" classname="hw_1.ShoppingCartTests" time="0.001"/>
  <testcase name="cannotAddMoreThan100Items()" classname="hw_1.ShoppingCartTests" time="0.0"/>
  <testcase name="cartSizeCustomerID_part1TooShort()" classname="hw_1.ShoppingCartTests" time="0.001"/>
  <testcase name="cartSizeCustomerID_part1TooLong()" classname="hw_1.ShoppingCartTests" time="0.001"/>
  <testcase name="removeItemCustomerID_part1TooLong()" classname="hw_1.ShoppingCartTests" time="0.001"/>
  <testcase name="addRemoveItemCustomerID_allowsQ()" classname="hw_1.ShoppingCartTests" time="0.001"/>
  <testcase name="removeItemCustomerID_part3InvalidCharacter()" classname="hw_1.ShoppingCartTests" time="0.001"/>
  <testcase name="itemNotInCartCannotBeRemoved()" classname="hw_1.ShoppingCartTests" time="0.0"/>
  <testcase name="newCartIsEmpty()" classname="hw_1.ShoppingCartTests" time="0.0"/>
  <testcase name="cartSizeCustomerID_part1InvalidCharacter()" classname="hw_1.ShoppingCartTests" time="0.0"/>
  <testcase name="totalCostCustomerID_part1TooLong()" classname="hw_1.ShoppingCartTests" time="0.001"/>
  <testcase name="removeItemCustomerID_part3TooShort()" classname="hw_1.ShoppingCartTests" time="0.001"/>
  <testcase name="createCartCustomerID_part2TooLong()" classname="hw_1.ShoppingCartTests" time="0.001"/>
  <testcase name="totalCostCustomerID_missingDash()" classname="hw_1.ShoppingCartTests" time="0.001"/>
  <testcase name="addItemCustomerID_missingDash()" classname="hw_1.ShoppingCartTests" time="0.001"/>
  <testcase name="createCartCustomerID_underscore()" classname="hw_1.ShoppingCartTests" time="0.0"/>
  <testcase name="cartSizeUpperBound()" classname="hw_1.ShoppingCartTests" time="0.0"/>
  <testcase name="itemsCustomerID_invalidEndLetter()" classname="hw_1.ShoppingCartTests" time="0.001"/>
  <testcase name="cartSizeCustomerID_part3TooShort()" classname="hw_1.ShoppingCartTests" time="0.001"/>
  <testcase name="itemsInvalidEndCustomerID()" classname="hw_1.ShoppingCartTests" time="0.001"/>
  <testcase name="createCartCustomerID_part2InvalidCharacter()" classname="hw_1.ShoppingCartTests" time="0.001"/>
  <testcase name="createCartCustomerID_part1TooShort()" classname="hw_1.ShoppingCartTests" time="0.001"/>
  <testcase name="itemsCustomerID_part3TooLong()" classname="hw_1.ShoppingCartTests" time="0.001"/>
  <testcase name="totalCostCustomerID_part2TooShort()" classname="hw_1.ShoppingCartTests" time="0.001"/>
  <testcase name="itemsCustomerID_part2TooShort()" classname="hw_1.ShoppingCartTests" time="0.001"/>
  <testcase name="itemsCustomerID_part1InvalidCharacter()" classname="hw_1.ShoppingCartTests" time="0.001"/>
  <testcase name="cartSizeCustomerID_invalidEndLetter()" classname="hw_1.ShoppingCartTests" time="0.001"/>
  <testcase name="totalCostCustomerID_part3InvalidCharacter()" classname="hw_1.ShoppingCartTests" time="0.001"/>
  <testcase name="addItemCustomerID_underscore()" classname="hw_1.ShoppingCartTests" time="0.001"/>
  <testcase name="cannotRemoveMoreItemsThanInCart()" classname="hw_1.ShoppingCartTests" time="0.001"/>
  <testcase name="itemMustBeInCatalog()" classname="hw_1.ShoppingCartTests" time="0.001"/>
  <testcase name="addItemCustomerID_part3InvalidCharacter()" classname="hw_1.ShoppingCartTests" time="0.001"/>
  <testcase name="addItemNullCustomerID()" classname="hw_1.ShoppingCartTests" time="0.001"/>
  <testcase name="totalCostUpperBoundIncremental()" classname="hw_1.ShoppingCartTests" time="0.001"/>
  <testcase name="addItemCustomerID_part3TooLong()" classname="hw_1.ShoppingCartTests" time="0.001"/>
  <testcase name="addItemCustomerID_part2TooShort()" classname="hw_1.ShoppingCartTests" time="0.001"/>
  <testcase name="createCartCustomerID_part3TooShort()" classname="hw_1.ShoppingCartTests" time="0.001"/>
  <testcase name="totalCostCustomerID_invalidEndLetter()" classname="hw_1.ShoppingCartTests" time="0.002"/>
  <testcase name="cartSizeInvalidEndCustomerID()" classname="hw_1.ShoppingCartTests" time="0.001"/>
  <testcase name="itemNameNoSymbols()" classname="hw_1.ShoppingCartTests" time="0.0"/>
  <testcase name="totalCostSingleItem()" classname="hw_1.ShoppingCartTests" time="0.001"/>
  <system-out><![CDATA[]]></system-out>
  <system-err><![CDATA[]]></system-err>
</testsuite>
