<?xml version="1.0" encoding="UTF-8"?>
<testsuite name="hw_1.ItemTest" tests="6" skipped="0" failures="0" errors="0" timestamp="2025-02-01T03:18:27" hostname="CJS-LAPTOP" time="0.007">
  <properties/>
  <testcase name="testInvalidPrice_Negative()" classname="hw_1.ItemTest" time="0.0"/>
  <testcase name="testInvalidItemName_NullOrEmpty()" classname="hw_1.ItemTest" time="0.001"/>
  <testcase name="testInvalidItemName_LengthConstraints()" classname="hw_1.ItemTest" time="0.001"/>
  <testcase name="testInvalidItemName_NonAlphanumeric()" classname="hw_1.ItemTest" time="0.0"/>
  <testcase name="testInvalidPrice_ExceedsMaximum()" classname="hw_1.ItemTest" time="0.001"/>
  <testcase name="testValidItemCreation()" classname="hw_1.ItemTest" time="0.002"/>
  <system-out><![CDATA[]]></system-out>
  <system-err><![CDATA[]]></system-err>
</testsuite>
